{"/home/anaisurlichs/Documents/cf/lerna-example/packages/typescript-package/src/typescript-package.ts": {"path":"/home/anaisurlichs/Documents/cf/lerna-example/packages/typescript-package/src/typescript-package.ts","statementMap":{"0":{"start":{"line":1,"column":18},"end":{"line":5,"column":3}},"1":{"start":{"line":2,"column":21},"end":{"line":2,"column":47}},"2":{"start":{"line":3,"column":4},"end":{"line":3,"column":26}},"3":{"start":{"line":4,"column":4},"end":{"line":4,"column":20}},"4":{"start":{"line":6,"column":0},"end":{"line":6,"column":27}}},"fnMap":{"0":{"name":"(anonymous_0)","decl":{"start":{"line":1,"column":18},"end":{"line":1,"column":19}},"loc":{"start":{"line":1,"column":42},"end":{"line":5,"column":3}}}},"branchMap":{},"s":{"0":1,"1":1,"2":1,"3":1,"4":1},"f":{"0":1},"b":{}}
}
